<?xml version="1.0" encoding="UTF-8"?>
<!-- Generated by org.testng.reporters.JUnitReportReporter -->
<testsuite skipped="0" hostname="Yaswanth" name="com.selenium.parallel.test.TestParallel3" tests="4" failures="0" timestamp="2022-08-05T16:18:29 IST" time="0.004" errors="0">
  <testcase name="testmethod9" time="0.001" classname="com.selenium.parallel.test.TestParallel3"/>
  <system-out/>
  <testcase name="testmethod11" time="0.002" classname="com.selenium.parallel.test.TestParallel3"/>
  <system-out/>
  <testcase name="testmethod10" time="0.001" classname="com.selenium.parallel.test.TestParallel3"/>
  <system-out/>
  <testcase name="testmethod12" time="0.000" classname="com.selenium.parallel.test.TestParallel3"/>
  <system-out/>
</testsuite> <!-- com.selenium.parallel.test.TestParallel3 -->
