<?xml version="1.0" encoding="UTF-8"?>
<!-- Generated by org.testng.reporters.JUnitReportReporter -->
<testsuite skipped="0" hostname="Yaswanth" name="com.selenium.parallel.test.TestParallel2" tests="4" failures="0" timestamp="2022-08-05T16:18:29 IST" time="0.017" errors="0">
  <testcase name="testmethod8" time="0.003" classname="com.selenium.parallel.test.TestParallel2"/>
  <system-out/>
  <testcase name="testmethod6" time="0.003" classname="com.selenium.parallel.test.TestParallel2"/>
  <system-out/>
  <testcase name="testmethod7" time="0.002" classname="com.selenium.parallel.test.TestParallel2"/>
  <system-out/>
  <testcase name="testmethod5" time="0.009" classname="com.selenium.parallel.test.TestParallel2"/>
  <system-out/>
</testsuite> <!-- com.selenium.parallel.test.TestParallel2 -->
