<?xml version="1.0" encoding="UTF-8"?>
<!-- Generated by org.testng.reporters.JUnitReportReporter -->
<testsuite skipped="0" hostname="Yaswanth" name="com.selenium.Test.demo.TestDemo1" tests="3" failures="0" timestamp="2022-07-29T11:13:17 IST" time="0.011" errors="0">
  <testcase name="test4" time="0.001" classname="com.selenium.Test.demo.TestDemo1"/>
  <system-out/>
  <testcase name="test2" time="0.008" classname="com.selenium.Test.demo.TestDemo1"/>
  <system-out/>
  <testcase name="test3" time="0.002" classname="com.selenium.Test.demo.TestDemo1"/>
  <system-out/>
</testsuite> <!-- com.selenium.Test.demo.TestDemo1 -->
