<?xml version="1.0" encoding="UTF-8"?>
<!-- Generated by org.testng.reporters.JUnitReportReporter -->
<testsuite skipped="0" hostname="Yaswanth" name="com.selenium.Tests.TestAttributes" tests="1" failures="0" timestamp="2022-08-05T11:57:41 IST" time="17.144" errors="0">
  <testcase name="testmethod1" time="17.144" classname="com.selenium.Tests.TestAttributes"/>
  <system-out/>
</testsuite> <!-- com.selenium.Tests.TestAttributes -->
