<?xml version="1.0" encoding="UTF-8"?>
<!-- Generated by org.testng.reporters.JUnitReportReporter -->
<testsuite skipped="0" hostname="Yaswanth" name="com.selenium.Tests.AnnotationsTest" tests="2" failures="0" timestamp="2022-08-27T13:20:10 IST" time="0.000" errors="0">
  <testcase name="testMethod2" time="0.000" classname="com.selenium.Tests.AnnotationsTest"/>
  <system-out/>
  <testcase name="testMethod1" time="0.000" classname="com.selenium.Tests.AnnotationsTest"/>
  <system-out/>
</testsuite> <!-- com.selenium.Tests.AnnotationsTest -->
