<?xml version="1.0" encoding="UTF-8"?>
<!-- Generated by org.testng.reporters.JUnitReportReporter -->
<testsuite skipped="0" hostname="Yaswanth" name="com.selenium.data.provider.Testdataprovider2" tests="2" failures="0" timestamp="2022-08-03T18:12:15 IST" time="0.007" errors="0">
  <testcase name="TestLogin" time="0.006" classname="com.selenium.data.provider.Testdataprovider2"/>
  <system-out/>
  <testcase name="TestLogin" time="0.001" classname="com.selenium.data.provider.Testdataprovider2"/>
  <system-out/>
</testsuite> <!-- com.selenium.data.provider.Testdataprovider2 -->
