<?xml version="1.0" encoding="UTF-8"?>
<!-- Generated by org.testng.reporters.JUnitReportReporter -->
<testsuite skipped="0" hostname="Yaswanth" name="com.selenium.group.Test.TestGroup2" tests="2" failures="0" timestamp="2022-07-29T17:18:18 IST" time="0.003" errors="0">
  <testcase name="test6" time="0.001" classname="com.selenium.group.Test.TestGroup2"/>
  <system-out/>
  <testcase name="test8" time="0.002" classname="com.selenium.group.Test.TestGroup2"/>
  <system-out/>
</testsuite> <!-- com.selenium.group.Test.TestGroup2 -->
