<?xml version="1.0" encoding="UTF-8"?>
<!-- Generated by org.testng.reporters.JUnitReportReporter -->
<testsuite skipped="0" hostname="Yaswanth" name="com.selenium.parallel.test.TestParallel1" tests="4" failures="0" timestamp="2022-08-05T16:18:29 IST" time="0.015" errors="0">
  <testcase name="testmethod1" time="0.009" classname="com.selenium.parallel.test.TestParallel1"/>
  <system-out/>
  <testcase name="testmethod2" time="0.001" classname="com.selenium.parallel.test.TestParallel1"/>
  <system-out/>
  <testcase name="testmethod3" time="0.002" classname="com.selenium.parallel.test.TestParallel1"/>
  <system-out/>
  <testcase name="testmethod4" time="0.003" classname="com.selenium.parallel.test.TestParallel1"/>
  <system-out/>
</testsuite> <!-- com.selenium.parallel.test.TestParallel1 -->
