<?xml version="1.0" encoding="UTF-8"?>
<!-- Generated by org.testng.reporters.JUnitReportReporter -->
<testsuite skipped="0" hostname="Yaswanth" name="com.selenium.parallel.test.TestParallel4" tests="4" failures="0" timestamp="2022-08-05T16:18:29 IST" time="0.007" errors="0">
  <testcase name="testmethod13" time="0.001" classname="com.selenium.parallel.test.TestParallel4"/>
  <system-out/>
  <testcase name="testmethod15" time="0.001" classname="com.selenium.parallel.test.TestParallel4"/>
  <system-out/>
  <testcase name="testmethod16" time="0.001" classname="com.selenium.parallel.test.TestParallel4"/>
  <system-out/>
  <testcase name="testmethod14" time="0.004" classname="com.selenium.parallel.test.TestParallel4"/>
  <system-out/>
</testsuite> <!-- com.selenium.parallel.test.TestParallel4 -->
