<?xml version="1.0" encoding="UTF-8"?>
<!-- Generated by org.testng.reporters.JUnitReportReporter -->
<testsuite skipped="0" hostname="Yaswanth" name="com.selenium.Tests.FirstTest" tests="1" failures="0" timestamp="2022-07-28T17:52:51 IST" time="22.500" errors="0">
  <testcase name="TestGoogle" time="22.500" classname="com.selenium.Tests.FirstTest"/>
  <system-out/>
</testsuite> <!-- com.selenium.Tests.FirstTest -->
