<?xml version="1.0" encoding="UTF-8"?>
<!-- Generated by org.testng.reporters.JUnitReportReporter -->
<testsuite skipped="0" hostname="Yaswanth" name="com.selenium.Tests.FlightBookingTest" tests="6" failures="0" timestamp="2022-08-29T17:59:16 IST" time="0.032" errors="0">
  <testcase name="SearchForTheflight" time="0.012" classname="com.selenium.Tests.FlightBookingTest"/>
  <system-out/>
  <testcase name="Signup" time="0.002" classname="com.selenium.Tests.FlightBookingTest"/>
  <system-out/>
  <testcase name="Login" time="0.005" classname="com.selenium.Tests.FlightBookingTest"/>
  <system-out/>
  <testcase name="BookTheFlight" time="0.002" classname="com.selenium.Tests.FlightBookingTest"/>
  <system-out/>
  <testcase name="SaveTheFlight" time="0.007" classname="com.selenium.Tests.FlightBookingTest"/>
  <system-out/>
  <testcase name="Logout" time="0.004" classname="com.selenium.Tests.FlightBookingTest"/>
  <system-out/>
</testsuite> <!-- com.selenium.Tests.FlightBookingTest -->
