<?xml version="1.0" encoding="UTF-8"?>
<!-- Generated by org.testng.reporters.JUnitReportReporter -->
<testsuite skipped="0" hostname="Yaswanth" name="com.selenium.data.provider.Testdataprovider3" tests="4" failures="0" timestamp="2022-08-03T20:26:23 IST" time="0.012" errors="0">
  <testcase name="TestLogin" time="0.002" classname="com.selenium.data.provider.Testdataprovider3"/>
  <system-out/>
  <testcase name="TestLogin" time="0.002" classname="com.selenium.data.provider.Testdataprovider3"/>
  <system-out/>
  <testcase name="TestLogin" time="0.006" classname="com.selenium.data.provider.Testdataprovider3"/>
  <system-out/>
  <testcase name="TestLogin" time="0.002" classname="com.selenium.data.provider.Testdataprovider3"/>
  <system-out/>
</testsuite> <!-- com.selenium.data.provider.Testdataprovider3 -->
