<?xml version="1.0" encoding="UTF-8"?>
<!-- Generated by org.testng.reporters.JUnitReportReporter -->
<testsuite skipped="0" hostname="Yaswanth" name="TestData" tests="1" failures="0" timestamp="2022-07-25T13:27:58 IST" time="0.012" errors="0">
  <testcase name="userlogin" time="0.012" classname="TestData"/>
  <system-out/>
</testsuite> <!-- TestData -->
