<?xml version="1.0" encoding="UTF-8"?>
<!-- Generated by org.testng.reporters.JUnitReportReporter -->
<testsuite skipped="0" hostname="Yaswanth" name="com.selenium.Test.demo.TestDemo2" tests="4" failures="0" timestamp="2022-07-29T10:52:14 IST" time="0.005" errors="0">
  <testcase name="test5" time="0.001" classname="com.selenium.Test.demo.TestDemo2"/>
  <system-out/>
  <testcase name="test7" time="0.001" classname="com.selenium.Test.demo.TestDemo2"/>
  <system-out/>
  <testcase name="test6" time="0.001" classname="com.selenium.Test.demo.TestDemo2"/>
  <system-out/>
  <testcase name="test8" time="0.002" classname="com.selenium.Test.demo.TestDemo2"/>
  <system-out/>
</testsuite> <!-- com.selenium.Test.demo.TestDemo2 -->
