<?xml version="1.0" encoding="UTF-8"?>
<!-- Generated by org.testng.reporters.JUnitReportReporter -->
<testsuite skipped="0" hostname="Yaswanth" name="com.restapi1.ApiRquests" tests="4" failures="0" timestamp="2023-03-10T11:37:08 IST" time="6.595" errors="0">
  <testcase name="getUser" time="3.550" classname="com.restapi1.ApiRquests"/>
  <system-out/>
  <testcase name="CreateUser" time="1.381" classname="com.restapi1.ApiRquests"/>
  <system-out/>
  <testcase name="updateUser" time="0.962" classname="com.restapi1.ApiRquests"/>
  <system-out/>
  <testcase name="deleteUser" time="0.702" classname="com.restapi1.ApiRquests"/>
  <system-out/>
</testsuite> <!-- com.restapi1.ApiRquests -->
