<?xml version="1.0" encoding="UTF-8"?>
<!-- Generated by org.testng.reporters.JUnitReportReporter -->
<testsuite skipped="0" hostname="Yaswanth" name="com.restapi3.LoggingDemo" tests="1" failures="0" timestamp="2023-03-12T11:56:06 IST" time="3.859" errors="0">
  <testcase name="testLogs" time="3.859" classname="com.restapi3.LoggingDemo"/>
  <system-out/>
</testsuite> <!-- com.restapi3.LoggingDemo -->
