<?xml version="1.0" encoding="UTF-8"?>
<!-- Generated by org.testng.reporters.JUnitReportReporter -->
<testsuite skipped="0" hostname="Yaswanth" name="com.restapi3.HeadersDemo" tests="1" failures="0" timestamp="2023-03-12T11:39:34 IST" time="5.743" errors="0">
  <testcase name="getHeaders" time="5.743" classname="com.restapi3.HeadersDemo"/>
  <system-out/>
</testsuite> <!-- com.restapi3.HeadersDemo -->
