<?xml version="1.0" encoding="UTF-8"?>
<!-- Generated by org.testng.reporters.JUnitReportReporter -->
<testsuite skipped="0" hostname="Yaswanth" name="com.restapi2.DiffwaysToCreatePostRequestBody" tests="2" failures="0" timestamp="2023-03-10T16:29:41 IST" time="7.401" errors="0">
  <testcase name="testpostusingExternalJosnFile" time="5.271" classname="com.restapi2.DiffwaysToCreatePostRequestBody"/>
  <system-out/>
  <testcase name="testDelete" time="2.130" classname="com.restapi2.DiffwaysToCreatePostRequestBody"/>
  <system-out/>
</testsuite> <!-- com.restapi2.DiffwaysToCreatePostRequestBody -->
