<?xml version="1.0" encoding="UTF-8"?>
<!-- Generated by org.testng.reporters.JUnitReportReporter -->
<testsuite skipped="0" hostname="Yaswanth" name="com.restapi3.CookiesDemo" tests="1" failures="0" timestamp="2023-03-11T17:10:09 IST" time="3.421" errors="0">
  <testcase name="getCookiesInfo" time="3.421" classname="com.restapi3.CookiesDemo"/>
  <system-out/>
</testsuite> <!-- com.restapi3.CookiesDemo -->
