<?xml version="1.0" encoding="UTF-8"?>
<!-- Generated by org.testng.reporters.JUnitReportReporter -->
<testsuite skipped="0" hostname="Yaswanth" name="com.restapi3.PathAndQueryParameters" tests="1" failures="0" timestamp="2023-03-11T16:25:52 IST" time="3.561" errors="0">
  <testcase name="testQueryAndPathParameters" time="3.561" classname="com.restapi3.PathAndQueryParameters"/>
  <system-out/>
</testsuite> <!-- com.restapi3.PathAndQueryParameters -->
