<?xml version="1.0" encoding="UTF-8"?>
<!-- Generated by org.testng.reporters.JUnitReportReporter -->
<testsuite skipped="0" hostname="Yaswanth" name="Testng" tests="1" failures="0" timestamp="2019-10-25T14:37:03 IST" time="0.024" errors="0">
  <testcase name="wish" time="0.024" classname="Testng"/>
</testsuite> <!-- Testng -->
