<?xml version="1.0" encoding="UTF-8"?>
<!-- Generated by org.testng.reporters.JUnitReportReporter -->
<testsuite skipped="0" hostname="Yaswanth" name="demo.CreateTask" tests="1" failures="0" timestamp="2019-10-25T15:34:23 IST" time="0.016" errors="0">
  <testcase name="testCreateTask" time="0.016" classname="demo.CreateTask"/>
</testsuite> <!-- demo.CreateTask -->
