<?xml version="1.0" encoding="UTF-8"?>
<!-- Generated by org.testng.reporters.JUnitReportReporter -->
<testsuite skipped="0" hostname="Yaswanth" name="demo.CreateProject" tests="1" failures="0" timestamp="2019-10-25T15:34:23 IST" time="0.000" errors="0">
  <testcase name="testCreateProject" time="0.000" classname="demo.CreateProject"/>
</testsuite> <!-- demo.CreateProject -->
