<?xml version="1.0" encoding="UTF-8"?>
<!-- Generated by org.testng.reporters.JUnitReportReporter -->
<testsuite skipped="0" hostname="Yaswanth" name="sample1" tests="3" failures="0" timestamp="2019-10-25T15:02:54 IST" time="0.016" errors="0">
  <testcase name="testCC" time="0.016" classname="sample1"/>
  <testcase name="testBB" time="0.000" classname="sample1"/>
  <testcase name="testAA" time="0.000" classname="sample1"/>
</testsuite> <!-- sample1 -->
